TpTrace Verbose: 0 : 16188, 1, 2021/12/16, 15:34:58.628, 29365027737, vstest.console.dll, Version: 17.0.0
TpTrace Information: 0 : 16188, 1, 2021/12/16, 15:34:58.679, 29365449939, vstest.console.dll, FilePatternParser: The given file C:\Users\auto1\go\src\github.com\eejai42\sqlonair-dotnet-core\SQLonAir.Test\bin\Release\net5.0\fine-code-coverage\build-output\SQLonAir.Test.dll is a full path.
TpTrace Verbose: 0 : 16188, 1, 2021/12/16, 15:34:58.714, 29365791596, vstest.console.dll, TestPluginCache.DiscoverTestExtensions: finding test extensions in assemblies ends with: RuntimeProvider.dll TPluginInfo: Microsoft.VisualStudio.TestPlatform.Common.ExtensionFramework.Utilities.TestRuntimePluginInformation TExtension: Microsoft.VisualStudio.TestPlatform.ObjectModel.Host.ITestRuntimeProvider
TpTrace Verbose: 0 : 16188, 1, 2021/12/16, 15:34:58.715, 29365807628, vstest.console.dll, TestPluginCache.GetExtensionPaths: Filtered extension paths: 
TpTrace Verbose: 0 : 16188, 1, 2021/12/16, 15:34:58.716, 29365811914, vstest.console.dll, TestPluginCache.GetExtensionPaths: Added default extension paths: C:\Program Files\dotnet\sdk\6.0.100\Extensions\Microsoft.Diagnostics.NETCore.Client.dll
C:\Program Files\dotnet\sdk\6.0.100\Extensions\Microsoft.TestPlatform.Extensions.BlameDataCollector.dll
C:\Program Files\dotnet\sdk\6.0.100\Extensions\Microsoft.TestPlatform.Extensions.EventLogCollector.dll
C:\Program Files\dotnet\sdk\6.0.100\Extensions\Microsoft.TestPlatform.TestHostRuntimeProvider.dll
C:\Program Files\dotnet\sdk\6.0.100\Extensions\Microsoft.VisualStudio.TestPlatform.Extensions.Html.TestLogger.dll
C:\Program Files\dotnet\sdk\6.0.100\Extensions\Microsoft.VisualStudio.TestPlatform.Extensions.Trx.TestLogger.dll
TpTrace Verbose: 0 : 16188, 1, 2021/12/16, 15:34:58.716, 29365814617, vstest.console.dll, TestPluginCache.GetExtensionPaths: Added unfilterableExtensionPaths: 
TpTrace Information: 0 : 16188, 1, 2021/12/16, 15:34:58.720, 29365858114, vstest.console.dll, AssemblyResolver.ctor: Creating AssemblyResolver with searchDirectories C:\Program Files\dotnet\sdk\6.0.100\Extensions,C:\Program Files\dotnet\sdk\6.0.100
TpTrace Verbose: 0 : 16188, 1, 2021/12/16, 15:34:58.726, 29365917820, vstest.console.dll, TestPluginCache.DiscoverTestExtensions: Discovering the extensions using extension path.
TpTrace Verbose: 0 : 16188, 1, 2021/12/16, 15:34:58.727, 29365927527, vstest.console.dll, TestPluginCache.GetExtensionPaths: Filtered extension paths: 
TpTrace Verbose: 0 : 16188, 1, 2021/12/16, 15:34:58.728, 29365931631, vstest.console.dll, TestPluginCache.GetExtensionPaths: Added default extension paths: C:\Program Files\dotnet\sdk\6.0.100\Extensions\Microsoft.Diagnostics.NETCore.Client.dll
C:\Program Files\dotnet\sdk\6.0.100\Extensions\Microsoft.TestPlatform.Extensions.BlameDataCollector.dll
C:\Program Files\dotnet\sdk\6.0.100\Extensions\Microsoft.TestPlatform.Extensions.EventLogCollector.dll
C:\Program Files\dotnet\sdk\6.0.100\Extensions\Microsoft.TestPlatform.TestHostRuntimeProvider.dll
C:\Program Files\dotnet\sdk\6.0.100\Extensions\Microsoft.VisualStudio.TestPlatform.Extensions.Html.TestLogger.dll
C:\Program Files\dotnet\sdk\6.0.100\Extensions\Microsoft.VisualStudio.TestPlatform.Extensions.Trx.TestLogger.dll
TpTrace Verbose: 0 : 16188, 1, 2021/12/16, 15:34:58.728, 29365934321, vstest.console.dll, TestPluginCache.GetExtensionPaths: Added unfilterableExtensionPaths: 
TpTrace Verbose: 0 : 16188, 1, 2021/12/16, 15:34:58.728, 29365939196, vstest.console.dll, TestPluginCache.DiscoverTestExtensions: Discovering the extensions using allExtensionPaths: C:\Program Files\dotnet\sdk\6.0.100\Extensions\Microsoft.Diagnostics.NETCore.Client.dll
C:\Program Files\dotnet\sdk\6.0.100\Extensions\Microsoft.TestPlatform.Extensions.BlameDataCollector.dll
C:\Program Files\dotnet\sdk\6.0.100\Extensions\Microsoft.TestPlatform.Extensions.EventLogCollector.dll
C:\Program Files\dotnet\sdk\6.0.100\Extensions\Microsoft.TestPlatform.TestHostRuntimeProvider.dll
C:\Program Files\dotnet\sdk\6.0.100\Extensions\Microsoft.VisualStudio.TestPlatform.Extensions.Html.TestLogger.dll
C:\Program Files\dotnet\sdk\6.0.100\Extensions\Microsoft.VisualStudio.TestPlatform.Extensions.Trx.TestLogger.dll
TpTrace Information: 0 : 16188, 1, 2021/12/16, 15:34:58.729, 29365946923, vstest.console.dll, AssemblyResolver.AddSearchDirectories: Adding more searchDirectories C:\Program Files\dotnet\sdk\6.0.100\Extensions,C:\Program Files\dotnet\sdk\6.0.100
TpTrace Information: 0 : 16188, 1, 2021/12/16, 15:34:58.730, 29365950657, vstest.console.dll, AssemblyResolver.AddSearchDirectories: Adding more searchDirectories C:\Program Files\dotnet\sdk\6.0.100\Extensions,C:\Program Files\dotnet\sdk\6.0.100
TpTrace Information: 0 : 16188, 1, 2021/12/16, 15:34:58.730, 29365953328, vstest.console.dll, AssemblyResolver.AddSearchDirectories: Adding more searchDirectories C:\Program Files\dotnet\sdk\6.0.100\Extensions,C:\Program Files\dotnet\sdk\6.0.100
TpTrace Information: 0 : 16188, 1, 2021/12/16, 15:34:58.730, 29365955249, vstest.console.dll, AssemblyResolver.AddSearchDirectories: Adding more searchDirectories C:\Program Files\dotnet\sdk\6.0.100\Extensions,C:\Program Files\dotnet\sdk\6.0.100
TpTrace Information: 0 : 16188, 1, 2021/12/16, 15:34:58.730, 29365957799, vstest.console.dll, AssemblyResolver.AddSearchDirectories: Adding more searchDirectories C:\Program Files\dotnet\sdk\6.0.100\Extensions,C:\Program Files\dotnet\sdk\6.0.100
TpTrace Information: 0 : 16188, 1, 2021/12/16, 15:34:58.730, 29365960262, vstest.console.dll, AssemblyResolver.AddSearchDirectories: Adding more searchDirectories C:\Program Files\dotnet\sdk\6.0.100\Extensions,C:\Program Files\dotnet\sdk\6.0.100
TpTrace Information: 0 : 16188, 1, 2021/12/16, 15:34:58.733, 29365986124, vstest.console.dll, AssemblyResolver.OnResolve: Microsoft.Diagnostics.NETCore.Client: Resolving assembly.
TpTrace Information: 0 : 16188, 1, 2021/12/16, 15:34:58.733, 29365989547, vstest.console.dll, AssemblyResolver.OnResolve: Microsoft.Diagnostics.NETCore.Client: Searching in: 'C:\Program Files\dotnet\sdk\6.0.100\Extensions'.
TpTrace Information: 0 : 16188, 1, 2021/12/16, 15:34:58.738, 29366035123, vstest.console.dll, AssemblyResolver.OnResolve: Microsoft.Diagnostics.NETCore.Client: Loading assembly 'C:\Program Files\dotnet\sdk\6.0.100\Extensions\Microsoft.Diagnostics.NETCore.Client.dll'.
TpTrace Information: 0 : 16188, 1, 2021/12/16, 15:34:58.741, 29366063502, vstest.console.dll, AssemblyResolver.OnResolve: Resolved assembly: Microsoft.Diagnostics.NETCore.Client, from path: C:\Program Files\dotnet\sdk\6.0.100\Extensions\Microsoft.Diagnostics.NETCore.Client.dll
TpTrace Information: 0 : 16188, 1, 2021/12/16, 15:34:58.771, 29366368612, vstest.console.dll, AssemblyResolver.OnResolve: Microsoft.Bcl.AsyncInterfaces: Resolving assembly.
TpTrace Information: 0 : 16188, 1, 2021/12/16, 15:34:58.772, 29366371629, vstest.console.dll, AssemblyResolver.OnResolve: Microsoft.Bcl.AsyncInterfaces: Searching in: 'C:\Program Files\dotnet\sdk\6.0.100\Extensions'.
TpTrace Information: 0 : 16188, 1, 2021/12/16, 15:34:58.772, 29366375105, vstest.console.dll, AssemblyResolver.OnResolve: Microsoft.Bcl.AsyncInterfaces: Assembly path does not exist: 'C:\Program Files\dotnet\sdk\6.0.100\Extensions\Microsoft.Bcl.AsyncInterfaces.dll', returning.
TpTrace Information: 0 : 16188, 1, 2021/12/16, 15:34:58.772, 29366377895, vstest.console.dll, AssemblyResolver.OnResolve: Microsoft.Bcl.AsyncInterfaces: Assembly path does not exist: 'C:\Program Files\dotnet\sdk\6.0.100\Extensions\Microsoft.Bcl.AsyncInterfaces.exe', returning.
TpTrace Information: 0 : 16188, 1, 2021/12/16, 15:34:58.772, 29366379296, vstest.console.dll, AssemblyResolver.OnResolve: Microsoft.Bcl.AsyncInterfaces: Searching in: 'C:\Program Files\dotnet\sdk\6.0.100'.
TpTrace Information: 0 : 16188, 1, 2021/12/16, 15:34:58.773, 29366381886, vstest.console.dll, AssemblyResolver.OnResolve: Microsoft.Bcl.AsyncInterfaces: Assembly path does not exist: 'C:\Program Files\dotnet\sdk\6.0.100\Microsoft.Bcl.AsyncInterfaces.dll', returning.
TpTrace Information: 0 : 16188, 1, 2021/12/16, 15:34:58.773, 29366384663, vstest.console.dll, AssemblyResolver.OnResolve: Microsoft.Bcl.AsyncInterfaces: Assembly path does not exist: 'C:\Program Files\dotnet\sdk\6.0.100\Microsoft.Bcl.AsyncInterfaces.exe', returning.
TpTrace Information: 0 : 16188, 1, 2021/12/16, 15:34:58.773, 29366387429, vstest.console.dll, AssemblyResolver.OnResolve: Microsoft.Bcl.AsyncInterfaces: Failed to load assembly.
TpTrace Verbose: 0 : 16188, 1, 2021/12/16, 15:34:58.773, 29366389407, vstest.console.dll, CurrentDomainAssemblyResolve: Resolving assembly 'Microsoft.Bcl.AsyncInterfaces'.
TpTrace Information: 0 : 16188, 1, 2021/12/16, 15:34:58.774, 29366391764, vstest.console.dll, AssemblyResolver.OnResolve: Microsoft.Bcl.AsyncInterfaces: Resolving assembly.
TpTrace Information: 0 : 16188, 1, 2021/12/16, 15:34:58.774, 29366393396, vstest.console.dll, AssemblyResolver.OnResolve: Microsoft.Bcl.AsyncInterfaces: Resolved from cache.
TpTrace Verbose: 0 : 16188, 1, 2021/12/16, 15:34:58.774, 29366394921, vstest.console.dll, CurrentDomainAssemblyResolve: Resolving assembly 'Microsoft.Bcl.AsyncInterfaces'.
TpTrace Verbose: 0 : 16188, 1, 2021/12/16, 15:34:58.774, 29366396443, vstest.console.dll, CurrentDomainAssemblyResolve: Failed to resolve assembly 'Microsoft.Bcl.AsyncInterfaces'.
TpTrace Verbose: 0 : 16188, 1, 2021/12/16, 15:34:58.793, 29366583193, vstest.console.dll, CurrentDomainAssemblyResolve: Failed to resolve assembly 'Microsoft.Bcl.AsyncInterfaces'.
TpTrace Warning: 0 : 16188, 1, 2021/12/16, 15:34:58.911, 29367766968, vstest.console.dll, TestPluginDiscoverer: Failed to get types from assembly 'Microsoft.Diagnostics.NETCore.Client, Version=0.2.4.21401, Culture=neutral, PublicKeyToken=31bf3856ad364e35'.  Skipping test extension scan for this assembly.  Error: System.Reflection.ReflectionTypeLoadException: Unable to load one or more of the requested types.
Could not load file or assembly 'Microsoft.Bcl.AsyncInterfaces, Version=1.0.0.0, Culture=neutral, PublicKeyToken=cc7b13ffcd2ddd51'. The system cannot find the file specified.
   at System.Reflection.RuntimeModule.GetTypes(RuntimeModule module)
   at System.Reflection.Assembly.GetTypes()
   at Microsoft.VisualStudio.TestPlatform.Common.ExtensionFramework.TestPluginDiscoverer.GetTestExtensionsFromAssembly[TPluginInfo,TExtension](Assembly assembly, Dictionary`2 pluginInfos)
System.IO.FileNotFoundException: Could not load file or assembly 'Microsoft.Bcl.AsyncInterfaces, Version=1.0.0.0, Culture=neutral, PublicKeyToken=cc7b13ffcd2ddd51'. The system cannot find the file specified.
File name: 'Microsoft.Bcl.AsyncInterfaces, Version=1.0.0.0, Culture=neutral, PublicKeyToken=cc7b13ffcd2ddd51'
 ---> System.IO.FileNotFoundException: Could not load file or assembly 'Microsoft.Bcl.AsyncInterfaces, Culture=neutral, PublicKeyToken=null'. The system cannot find the file specified.
File name: 'Microsoft.Bcl.AsyncInterfaces, Culture=neutral, PublicKeyToken=null'
   at System.Reflection.RuntimeAssembly.InternalLoad(ObjectHandleOnStack assemblyName, ObjectHandleOnStack requestingAssembly, StackCrawlMarkHandle stackMark, Boolean throwOnFileNotFound, ObjectHandleOnStack assemblyLoadContext, ObjectHandleOnStack retAssembly)
   at System.Reflection.RuntimeAssembly.InternalLoad(AssemblyName assemblyName, RuntimeAssembly requestingAssembly, StackCrawlMark& stackMark, Boolean throwOnFileNotFound, AssemblyLoadContext assemblyLoadContext)
   at System.Reflection.Assembly.Load(AssemblyName assemblyRef)
   at Microsoft.VisualStudio.TestPlatform.Common.ExtensionFramework.TestPluginCache.CurrentDomainAssemblyResolve(Object sender, AssemblyResolveEventArgs args)
   at Microsoft.VisualStudio.TestPlatform.PlatformAbstractions.PlatformAssemblyResolver.AssemblyResolverEvent(Object sender, Object eventArgs)
   at System.Runtime.Loader.AssemblyLoadContext.GetFirstResolvedAssemblyFromResolvingEvent(AssemblyName assemblyName)
   at System.Runtime.Loader.AssemblyLoadContext.ResolveUsingEvent(AssemblyName assemblyName)
   at System.Runtime.Loader.AssemblyLoadContext.ResolveUsingResolvingEvent(IntPtr gchManagedAssemblyLoadContext, AssemblyName assemblyName)
TpTrace Warning: 0 : 16188, 1, 2021/12/16, 15:34:58.912, 29367780210, vstest.console.dll, LoaderExceptions: System.IO.FileNotFoundException: Could not load file or assembly 'Microsoft.Bcl.AsyncInterfaces, Version=1.0.0.0, Culture=neutral, PublicKeyToken=cc7b13ffcd2ddd51'. The system cannot find the file specified.
File name: 'Microsoft.Bcl.AsyncInterfaces, Version=1.0.0.0, Culture=neutral, PublicKeyToken=cc7b13ffcd2ddd51'
 ---> System.IO.FileNotFoundException: Could not load file or assembly 'Microsoft.Bcl.AsyncInterfaces, Culture=neutral, PublicKeyToken=null'. The system cannot find the file specified.
File name: 'Microsoft.Bcl.AsyncInterfaces, Culture=neutral, PublicKeyToken=null'
   at System.Reflection.RuntimeAssembly.InternalLoad(ObjectHandleOnStack assemblyName, ObjectHandleOnStack requestingAssembly, StackCrawlMarkHandle stackMark, Boolean throwOnFileNotFound, ObjectHandleOnStack assemblyLoadContext, ObjectHandleOnStack retAssembly)
   at System.Reflection.RuntimeAssembly.InternalLoad(AssemblyName assemblyName, RuntimeAssembly requestingAssembly, StackCrawlMark& stackMark, Boolean throwOnFileNotFound, AssemblyLoadContext assemblyLoadContext)
   at System.Reflection.Assembly.Load(AssemblyName assemblyRef)
   at Microsoft.VisualStudio.TestPlatform.Common.ExtensionFramework.TestPluginCache.CurrentDomainAssemblyResolve(Object sender, AssemblyResolveEventArgs args)
   at Microsoft.VisualStudio.TestPlatform.PlatformAbstractions.PlatformAssemblyResolver.AssemblyResolverEvent(Object sender, Object eventArgs)
   at System.Runtime.Loader.AssemblyLoadContext.GetFirstResolvedAssemblyFromResolvingEvent(AssemblyName assemblyName)
   at System.Runtime.Loader.AssemblyLoadContext.ResolveUsingEvent(AssemblyName assemblyName)
   at System.Runtime.Loader.AssemblyLoadContext.ResolveUsingResolvingEvent(IntPtr gchManagedAssemblyLoadContext, AssemblyName assemblyName)
TpTrace Information: 0 : 16188, 1, 2021/12/16, 15:34:58.913, 29367785081, vstest.console.dll, AssemblyResolver.OnResolve: Microsoft.TestPlatform.Extensions.BlameDataCollector: Resolving assembly.
TpTrace Information: 0 : 16188, 1, 2021/12/16, 15:34:58.913, 29367786930, vstest.console.dll, AssemblyResolver.OnResolve: Microsoft.TestPlatform.Extensions.BlameDataCollector: Searching in: 'C:\Program Files\dotnet\sdk\6.0.100\Extensions'.
TpTrace Information: 0 : 16188, 1, 2021/12/16, 15:34:58.917, 29367824928, vstest.console.dll, AssemblyResolver.OnResolve: Microsoft.TestPlatform.Extensions.BlameDataCollector: Loading assembly 'C:\Program Files\dotnet\sdk\6.0.100\Extensions\Microsoft.TestPlatform.Extensions.BlameDataCollector.dll'.
TpTrace Information: 0 : 16188, 1, 2021/12/16, 15:34:58.920, 29367856131, vstest.console.dll, AssemblyResolver.OnResolve: Resolved assembly: Microsoft.TestPlatform.Extensions.BlameDataCollector, from path: C:\Program Files\dotnet\sdk\6.0.100\Extensions\Microsoft.TestPlatform.Extensions.BlameDataCollector.dll
TpTrace Information: 0 : 16188, 1, 2021/12/16, 15:34:58.924, 29367896916, vstest.console.dll, AssemblyResolver.OnResolve: Microsoft.TestPlatform.Extensions.EventLogCollector: Resolving assembly.
TpTrace Information: 0 : 16188, 1, 2021/12/16, 15:34:58.924, 29367900103, vstest.console.dll, AssemblyResolver.OnResolve: Microsoft.TestPlatform.Extensions.EventLogCollector: Searching in: 'C:\Program Files\dotnet\sdk\6.0.100\Extensions'.
TpTrace Information: 0 : 16188, 1, 2021/12/16, 15:34:58.928, 29367932233, vstest.console.dll, AssemblyResolver.OnResolve: Microsoft.TestPlatform.Extensions.EventLogCollector: Loading assembly 'C:\Program Files\dotnet\sdk\6.0.100\Extensions\Microsoft.TestPlatform.Extensions.EventLogCollector.dll'.
TpTrace Information: 0 : 16188, 1, 2021/12/16, 15:34:58.930, 29367959493, vstest.console.dll, AssemblyResolver.OnResolve: Resolved assembly: Microsoft.TestPlatform.Extensions.EventLogCollector, from path: C:\Program Files\dotnet\sdk\6.0.100\Extensions\Microsoft.TestPlatform.Extensions.EventLogCollector.dll
TpTrace Information: 0 : 16188, 1, 2021/12/16, 15:34:58.945, 29368101123, vstest.console.dll, AssemblyResolver.OnResolve: Microsoft.TestPlatform.TestHostRuntimeProvider: Resolving assembly.
TpTrace Information: 0 : 16188, 1, 2021/12/16, 15:34:58.945, 29368107125, vstest.console.dll, AssemblyResolver.OnResolve: Microsoft.TestPlatform.TestHostRuntimeProvider: Searching in: 'C:\Program Files\dotnet\sdk\6.0.100\Extensions'.
TpTrace Information: 0 : 16188, 1, 2021/12/16, 15:34:58.949, 29368147864, vstest.console.dll, AssemblyResolver.OnResolve: Microsoft.TestPlatform.TestHostRuntimeProvider: Loading assembly 'C:\Program Files\dotnet\sdk\6.0.100\Extensions\Microsoft.TestPlatform.TestHostRuntimeProvider.dll'.
TpTrace Information: 0 : 16188, 1, 2021/12/16, 15:34:58.953, 29368183380, vstest.console.dll, AssemblyResolver.OnResolve: Resolved assembly: Microsoft.TestPlatform.TestHostRuntimeProvider, from path: C:\Program Files\dotnet\sdk\6.0.100\Extensions\Microsoft.TestPlatform.TestHostRuntimeProvider.dll
TpTrace Information: 0 : 16188, 1, 2021/12/16, 15:34:58.959, 29368249738, vstest.console.dll, AssemblyResolver.OnResolve: Microsoft.VisualStudio.TestPlatform.Extensions.Html.TestLogger: Resolving assembly.
TpTrace Information: 0 : 16188, 1, 2021/12/16, 15:34:58.960, 29368252284, vstest.console.dll, AssemblyResolver.OnResolve: Microsoft.VisualStudio.TestPlatform.Extensions.Html.TestLogger: Searching in: 'C:\Program Files\dotnet\sdk\6.0.100\Extensions'.
TpTrace Information: 0 : 16188, 1, 2021/12/16, 15:34:58.963, 29368284437, vstest.console.dll, AssemblyResolver.OnResolve: Microsoft.VisualStudio.TestPlatform.Extensions.Html.TestLogger: Loading assembly 'C:\Program Files\dotnet\sdk\6.0.100\Extensions\Microsoft.VisualStudio.TestPlatform.Extensions.Html.TestLogger.dll'.
TpTrace Information: 0 : 16188, 1, 2021/12/16, 15:34:58.967, 29368321759, vstest.console.dll, AssemblyResolver.OnResolve: Resolved assembly: Microsoft.VisualStudio.TestPlatform.Extensions.Html.TestLogger, from path: C:\Program Files\dotnet\sdk\6.0.100\Extensions\Microsoft.VisualStudio.TestPlatform.Extensions.Html.TestLogger.dll
TpTrace Information: 0 : 16188, 1, 2021/12/16, 15:34:58.969, 29368341074, vstest.console.dll, AssemblyResolver.OnResolve: Microsoft.VisualStudio.TestPlatform.Extensions.Trx.TestLogger: Resolving assembly.
TpTrace Information: 0 : 16188, 1, 2021/12/16, 15:34:58.969, 29368344587, vstest.console.dll, AssemblyResolver.OnResolve: Microsoft.VisualStudio.TestPlatform.Extensions.Trx.TestLogger: Searching in: 'C:\Program Files\dotnet\sdk\6.0.100\Extensions'.
TpTrace Information: 0 : 16188, 1, 2021/12/16, 15:34:58.974, 29368392721, vstest.console.dll, AssemblyResolver.OnResolve: Microsoft.VisualStudio.TestPlatform.Extensions.Trx.TestLogger: Loading assembly 'C:\Program Files\dotnet\sdk\6.0.100\Extensions\Microsoft.VisualStudio.TestPlatform.Extensions.Trx.TestLogger.dll'.
TpTrace Information: 0 : 16188, 1, 2021/12/16, 15:34:58.980, 29368453715, vstest.console.dll, AssemblyResolver.OnResolve: Resolved assembly: Microsoft.VisualStudio.TestPlatform.Extensions.Trx.TestLogger, from path: C:\Program Files\dotnet\sdk\6.0.100\Extensions\Microsoft.VisualStudio.TestPlatform.Extensions.Trx.TestLogger.dll
TpTrace Verbose: 0 : 16188, 1, 2021/12/16, 15:34:58.984, 29368496143, vstest.console.dll, TestPluginCache: Discovered the extensions using extension path ''.
TpTrace Verbose: 0 : 16188, 1, 2021/12/16, 15:34:58.984, 29368499781, vstest.console.dll, TestPluginCache: Discoverers are ''.
TpTrace Verbose: 0 : 16188, 1, 2021/12/16, 15:34:58.985, 29368501945, vstest.console.dll, TestPluginCache: Executors are ''.
TpTrace Verbose: 0 : 16188, 1, 2021/12/16, 15:34:58.985, 29368503491, vstest.console.dll, TestPluginCache: Executors2 are ''.
TpTrace Verbose: 0 : 16188, 1, 2021/12/16, 15:34:58.985, 29368505356, vstest.console.dll, TestPluginCache: Setting providers are ''.
TpTrace Verbose: 0 : 16188, 1, 2021/12/16, 15:34:58.985, 29368507264, vstest.console.dll, TestPluginCache: Loggers are ''.
TpTrace Information: 0 : 16188, 1, 2021/12/16, 15:34:59.010, 29368758547, vstest.console.dll, RunTestsArgumentProcessor:Execute: Test run is starting.
TpTrace Verbose: 0 : 16188, 1, 2021/12/16, 15:34:59.011, 29368761004, vstest.console.dll, RunTestsArgumentProcessor:Execute: Queuing Test run.
TpTrace Information: 0 : 16188, 1, 2021/12/16, 15:34:59.011, 29368768073, vstest.console.dll, TestRequestManager.RunTests: run tests started.
TpTrace Information: 0 : 16188, 1, 2021/12/16, 15:34:59.035, 29369007590, vstest.console.dll, AssemblyMetadataProvider.GetFrameWork: Determined framework:'.NETCoreApp,Version=v5.0' for source: 'C:\Users\auto1\go\src\github.com\eejai42\sqlonair-dotnet-core\SQLonAir.Test\bin\Release\net5.0\fine-code-coverage\build-output\SQLonAir.Test.dll'
TpTrace Information: 0 : 16188, 1, 2021/12/16, 15:34:59.036, 29369013961, vstest.console.dll, Determined framework for all sources: .NETCoreApp,Version=v5.0
TpTrace Information: 0 : 16188, 1, 2021/12/16, 15:34:59.038, 29369030818, vstest.console.dll, AssemblyMetadataProvider.GetArchitecture: Determined architecture:AnyCPU info for assembly: C:\Users\auto1\go\src\github.com\eejai42\sqlonair-dotnet-core\SQLonAir.Test\bin\Release\net5.0\fine-code-coverage\build-output\SQLonAir.Test.dll
TpTrace Information: 0 : 16188, 1, 2021/12/16, 15:34:59.048, 29369134894, vstest.console.dll, Determined platform for all sources: X64
TpTrace Information: 0 : 16188, 1, 2021/12/16, 15:34:59.063, 29369290438, vstest.console.dll, Compatible sources list : 
TpTrace Information: 0 : 16188, 1, 2021/12/16, 15:34:59.064, 29369293770, vstest.console.dll, C:\Users\auto1\go\src\github.com\eejai42\sqlonair-dotnet-core\SQLonAir.Test\bin\Release\net5.0\fine-code-coverage\build-output\SQLonAir.Test.dll
TpTrace Information: 0 : 16188, 1, 2021/12/16, 15:34:59.077, 29369429419, vstest.console.dll, InferRunSettingsHelper.IsTestSettingsEnabled: Unable to navigate to RunSettings/MSTest. Current node: RunSettings
TpTrace Information: 0 : 16188, 1, 2021/12/16, 15:34:59.079, 29369447356, vstest.console.dll, AssemblyResolver.OnResolve: Microsoft.VisualStudio.TestPlatform.Fakes: Resolving assembly.
TpTrace Information: 0 : 16188, 1, 2021/12/16, 15:34:59.079, 29369449291, vstest.console.dll, AssemblyResolver.OnResolve: Microsoft.VisualStudio.TestPlatform.Fakes: Searching in: 'C:\Program Files\dotnet\sdk\6.0.100\Extensions'.
TpTrace Information: 0 : 16188, 1, 2021/12/16, 15:34:59.080, 29369451682, vstest.console.dll, AssemblyResolver.OnResolve: Microsoft.VisualStudio.TestPlatform.Fakes: Assembly path does not exist: 'C:\Program Files\dotnet\sdk\6.0.100\Extensions\Microsoft.VisualStudio.TestPlatform.Fakes.dll', returning.
TpTrace Information: 0 : 16188, 1, 2021/12/16, 15:34:59.080, 29369453730, vstest.console.dll, AssemblyResolver.OnResolve: Microsoft.VisualStudio.TestPlatform.Fakes: Assembly path does not exist: 'C:\Program Files\dotnet\sdk\6.0.100\Extensions\Microsoft.VisualStudio.TestPlatform.Fakes.exe', returning.
TpTrace Information: 0 : 16188, 1, 2021/12/16, 15:34:59.080, 29369454719, vstest.console.dll, AssemblyResolver.OnResolve: Microsoft.VisualStudio.TestPlatform.Fakes: Searching in: 'C:\Program Files\dotnet\sdk\6.0.100'.
TpTrace Information: 0 : 16188, 1, 2021/12/16, 15:34:59.080, 29369456630, vstest.console.dll, AssemblyResolver.OnResolve: Microsoft.VisualStudio.TestPlatform.Fakes: Assembly path does not exist: 'C:\Program Files\dotnet\sdk\6.0.100\Microsoft.VisualStudio.TestPlatform.Fakes.dll', returning.
TpTrace Information: 0 : 16188, 1, 2021/12/16, 15:34:59.080, 29369458972, vstest.console.dll, AssemblyResolver.OnResolve: Microsoft.VisualStudio.TestPlatform.Fakes: Assembly path does not exist: 'C:\Program Files\dotnet\sdk\6.0.100\Microsoft.VisualStudio.TestPlatform.Fakes.exe', returning.
TpTrace Information: 0 : 16188, 1, 2021/12/16, 15:34:59.080, 29369459940, vstest.console.dll, AssemblyResolver.OnResolve: Microsoft.VisualStudio.TestPlatform.Fakes: Failed to load assembly.
TpTrace Information: 0 : 16188, 1, 2021/12/16, 15:34:59.081, 29369466562, vstest.console.dll, Failed to load assembly Microsoft.VisualStudio.TestPlatform.Fakes, Version=17.0.0.0, Culture=neutral. Reason:System.IO.FileNotFoundException: Could not load file or assembly 'Microsoft.VisualStudio.TestPlatform.Fakes, Version=17.0.0.0, Culture=neutral, PublicKeyToken=null'. The system cannot find the file specified.
File name: 'Microsoft.VisualStudio.TestPlatform.Fakes, Version=17.0.0.0, Culture=neutral, PublicKeyToken=null'
   at System.Reflection.RuntimeAssembly.InternalLoad(ObjectHandleOnStack assemblyName, ObjectHandleOnStack requestingAssembly, StackCrawlMarkHandle stackMark, Boolean throwOnFileNotFound, ObjectHandleOnStack assemblyLoadContext, ObjectHandleOnStack retAssembly)
   at System.Reflection.RuntimeAssembly.InternalLoad(AssemblyName assemblyName, RuntimeAssembly requestingAssembly, StackCrawlMark& stackMark, Boolean throwOnFileNotFound, AssemblyLoadContext assemblyLoadContext)
   at System.Reflection.Assembly.Load(AssemblyName assemblyRef)
   at Microsoft.VisualStudio.TestPlatform.Common.Utilities.FakesUtilities.LoadTestPlatformAssembly()
TpTrace Verbose: 0 : 16188, 1, 2021/12/16, 15:34:59.093, 29369580737, vstest.console.dll, TestPluginCache.DiscoverTestExtensions: finding test extensions in assemblies ends with: TestLogger.dll TPluginInfo: Microsoft.VisualStudio.TestPlatform.Common.ExtensionFramework.Utilities.TestLoggerPluginInformation TExtension: Microsoft.VisualStudio.TestPlatform.ObjectModel.Client.ITestLogger
TpTrace Verbose: 0 : 16188, 1, 2021/12/16, 15:34:59.093, 29369582620, vstest.console.dll, TestPluginCache.GetExtensionPaths: Filtered extension paths: 
TpTrace Verbose: 0 : 16188, 1, 2021/12/16, 15:34:59.093, 29369583647, vstest.console.dll, TestPluginCache.GetExtensionPaths: Added default extension paths: C:\Program Files\dotnet\sdk\6.0.100\Extensions\Microsoft.Diagnostics.NETCore.Client.dll
C:\Program Files\dotnet\sdk\6.0.100\Extensions\Microsoft.TestPlatform.Extensions.BlameDataCollector.dll
C:\Program Files\dotnet\sdk\6.0.100\Extensions\Microsoft.TestPlatform.Extensions.EventLogCollector.dll
C:\Program Files\dotnet\sdk\6.0.100\Extensions\Microsoft.TestPlatform.TestHostRuntimeProvider.dll
C:\Program Files\dotnet\sdk\6.0.100\Extensions\Microsoft.VisualStudio.TestPlatform.Extensions.Html.TestLogger.dll
C:\Program Files\dotnet\sdk\6.0.100\Extensions\Microsoft.VisualStudio.TestPlatform.Extensions.Trx.TestLogger.dll
TpTrace Verbose: 0 : 16188, 1, 2021/12/16, 15:34:59.093, 29369584171, vstest.console.dll, TestPluginCache.GetExtensionPaths: Added unfilterableExtensionPaths: 
TpTrace Information: 0 : 16188, 1, 2021/12/16, 15:34:59.093, 29369586633, vstest.console.dll, AssemblyResolver.AddSearchDirectories: Adding more searchDirectories C:\Program Files\dotnet\sdk\6.0.100\Extensions,C:\Program Files\dotnet\sdk\6.0.100
TpTrace Verbose: 0 : 16188, 1, 2021/12/16, 15:34:59.093, 29369587553, vstest.console.dll, TestPluginCache.DiscoverTestExtensions: Discovering the extensions using extension path.
TpTrace Verbose: 0 : 16188, 1, 2021/12/16, 15:34:59.093, 29369588161, vstest.console.dll, TestPluginCache.GetExtensionPaths: Filtered extension paths: 
TpTrace Verbose: 0 : 16188, 1, 2021/12/16, 15:34:59.093, 29369589012, vstest.console.dll, TestPluginCache.GetExtensionPaths: Added default extension paths: C:\Program Files\dotnet\sdk\6.0.100\Extensions\Microsoft.Diagnostics.NETCore.Client.dll
C:\Program Files\dotnet\sdk\6.0.100\Extensions\Microsoft.TestPlatform.Extensions.BlameDataCollector.dll
C:\Program Files\dotnet\sdk\6.0.100\Extensions\Microsoft.TestPlatform.Extensions.EventLogCollector.dll
C:\Program Files\dotnet\sdk\6.0.100\Extensions\Microsoft.TestPlatform.TestHostRuntimeProvider.dll
C:\Program Files\dotnet\sdk\6.0.100\Extensions\Microsoft.VisualStudio.TestPlatform.Extensions.Html.TestLogger.dll
C:\Program Files\dotnet\sdk\6.0.100\Extensions\Microsoft.VisualStudio.TestPlatform.Extensions.Trx.TestLogger.dll
TpTrace Verbose: 0 : 16188, 1, 2021/12/16, 15:34:59.093, 29369589502, vstest.console.dll, TestPluginCache.GetExtensionPaths: Added unfilterableExtensionPaths: 
TpTrace Verbose: 0 : 16188, 1, 2021/12/16, 15:34:59.093, 29369590033, vstest.console.dll, TestPluginCache.DiscoverTestExtensions: Discovering the extensions using allExtensionPaths: C:\Program Files\dotnet\sdk\6.0.100\Extensions\Microsoft.Diagnostics.NETCore.Client.dll
C:\Program Files\dotnet\sdk\6.0.100\Extensions\Microsoft.TestPlatform.Extensions.BlameDataCollector.dll
C:\Program Files\dotnet\sdk\6.0.100\Extensions\Microsoft.TestPlatform.Extensions.EventLogCollector.dll
C:\Program Files\dotnet\sdk\6.0.100\Extensions\Microsoft.TestPlatform.TestHostRuntimeProvider.dll
C:\Program Files\dotnet\sdk\6.0.100\Extensions\Microsoft.VisualStudio.TestPlatform.Extensions.Html.TestLogger.dll
C:\Program Files\dotnet\sdk\6.0.100\Extensions\Microsoft.VisualStudio.TestPlatform.Extensions.Trx.TestLogger.dll
TpTrace Information: 0 : 16188, 1, 2021/12/16, 15:34:59.094, 29369590968, vstest.console.dll, AssemblyResolver.AddSearchDirectories: Adding more searchDirectories C:\Program Files\dotnet\sdk\6.0.100\Extensions,C:\Program Files\dotnet\sdk\6.0.100
TpTrace Information: 0 : 16188, 1, 2021/12/16, 15:34:59.094, 29369591924, vstest.console.dll, AssemblyResolver.AddSearchDirectories: Adding more searchDirectories C:\Program Files\dotnet\sdk\6.0.100\Extensions,C:\Program Files\dotnet\sdk\6.0.100
TpTrace Information: 0 : 16188, 1, 2021/12/16, 15:34:59.094, 29369592721, vstest.console.dll, AssemblyResolver.AddSearchDirectories: Adding more searchDirectories C:\Program Files\dotnet\sdk\6.0.100\Extensions,C:\Program Files\dotnet\sdk\6.0.100
TpTrace Information: 0 : 16188, 1, 2021/12/16, 15:34:59.094, 29369593478, vstest.console.dll, AssemblyResolver.AddSearchDirectories: Adding more searchDirectories C:\Program Files\dotnet\sdk\6.0.100\Extensions,C:\Program Files\dotnet\sdk\6.0.100
TpTrace Information: 0 : 16188, 1, 2021/12/16, 15:34:59.094, 29369594248, vstest.console.dll, AssemblyResolver.AddSearchDirectories: Adding more searchDirectories C:\Program Files\dotnet\sdk\6.0.100\Extensions,C:\Program Files\dotnet\sdk\6.0.100
TpTrace Information: 0 : 16188, 1, 2021/12/16, 15:34:59.094, 29369595198, vstest.console.dll, AssemblyResolver.AddSearchDirectories: Adding more searchDirectories C:\Program Files\dotnet\sdk\6.0.100\Extensions,C:\Program Files\dotnet\sdk\6.0.100
TpTrace Information: 0 : 16188, 1, 2021/12/16, 15:34:59.095, 29369600931, vstest.console.dll, AssemblyResolver.OnResolve: Microsoft.Bcl.AsyncInterfaces: Resolving assembly.
TpTrace Information: 0 : 16188, 1, 2021/12/16, 15:34:59.095, 29369601994, vstest.console.dll, AssemblyResolver.OnResolve: Microsoft.Bcl.AsyncInterfaces: Resolved from cache.
TpTrace Verbose: 0 : 16188, 1, 2021/12/16, 15:34:59.095, 29369602936, vstest.console.dll, CurrentDomainAssemblyResolve: Resolving assembly 'Microsoft.Bcl.AsyncInterfaces'.
TpTrace Information: 0 : 16188, 1, 2021/12/16, 15:34:59.095, 29369603757, vstest.console.dll, AssemblyResolver.OnResolve: Microsoft.Bcl.AsyncInterfaces: Resolving assembly.
TpTrace Information: 0 : 16188, 1, 2021/12/16, 15:34:59.095, 29369604557, vstest.console.dll, AssemblyResolver.OnResolve: Microsoft.Bcl.AsyncInterfaces: Resolved from cache.
TpTrace Verbose: 0 : 16188, 1, 2021/12/16, 15:34:59.095, 29369605260, vstest.console.dll, CurrentDomainAssemblyResolve: Resolving assembly 'Microsoft.Bcl.AsyncInterfaces'.
TpTrace Verbose: 0 : 16188, 1, 2021/12/16, 15:34:59.095, 29369606387, vstest.console.dll, CurrentDomainAssemblyResolve: Failed to resolve assembly 'Microsoft.Bcl.AsyncInterfaces'.
TpTrace Verbose: 0 : 16188, 1, 2021/12/16, 15:34:59.095, 29369608517, vstest.console.dll, CurrentDomainAssemblyResolve: Failed to resolve assembly 'Microsoft.Bcl.AsyncInterfaces'.
TpTrace Warning: 0 : 16188, 1, 2021/12/16, 15:34:59.096, 29369616575, vstest.console.dll, TestPluginDiscoverer: Failed to get types from assembly 'Microsoft.Diagnostics.NETCore.Client, Version=0.2.4.21401, Culture=neutral, PublicKeyToken=31bf3856ad364e35'.  Skipping test extension scan for this assembly.  Error: System.Reflection.ReflectionTypeLoadException: Unable to load one or more of the requested types.
Could not load file or assembly 'Microsoft.Bcl.AsyncInterfaces, Version=1.0.0.0, Culture=neutral, PublicKeyToken=cc7b13ffcd2ddd51'. The system cannot find the file specified.
   at System.Reflection.RuntimeModule.GetTypes(RuntimeModule module)
   at System.Reflection.Assembly.GetTypes()
   at Microsoft.VisualStudio.TestPlatform.Common.ExtensionFramework.TestPluginDiscoverer.GetTestExtensionsFromAssembly[TPluginInfo,TExtension](Assembly assembly, Dictionary`2 pluginInfos)
System.IO.FileNotFoundException: Could not load file or assembly 'Microsoft.Bcl.AsyncInterfaces, Version=1.0.0.0, Culture=neutral, PublicKeyToken=cc7b13ffcd2ddd51'. The system cannot find the file specified.
File name: 'Microsoft.Bcl.AsyncInterfaces, Version=1.0.0.0, Culture=neutral, PublicKeyToken=cc7b13ffcd2ddd51'
 ---> System.IO.FileNotFoundException: Could not load file or assembly 'Microsoft.Bcl.AsyncInterfaces, Culture=neutral, PublicKeyToken=null'. The system cannot find the file specified.
File name: 'Microsoft.Bcl.AsyncInterfaces, Culture=neutral, PublicKeyToken=null'
   at System.Reflection.RuntimeAssembly.InternalLoad(ObjectHandleOnStack assemblyName, ObjectHandleOnStack requestingAssembly, StackCrawlMarkHandle stackMark, Boolean throwOnFileNotFound, ObjectHandleOnStack assemblyLoadContext, ObjectHandleOnStack retAssembly)
   at System.Reflection.RuntimeAssembly.InternalLoad(AssemblyName assemblyName, RuntimeAssembly requestingAssembly, StackCrawlMark& stackMark, Boolean throwOnFileNotFound, AssemblyLoadContext assemblyLoadContext)
   at System.Reflection.Assembly.Load(AssemblyName assemblyRef)
   at Microsoft.VisualStudio.TestPlatform.Common.ExtensionFramework.TestPluginCache.CurrentDomainAssemblyResolve(Object sender, AssemblyResolveEventArgs args)
   at Microsoft.VisualStudio.TestPlatform.PlatformAbstractions.PlatformAssemblyResolver.AssemblyResolverEvent(Object sender, Object eventArgs)
   at System.Runtime.Loader.AssemblyLoadContext.GetFirstResolvedAssemblyFromResolvingEvent(AssemblyName assemblyName)
   at System.Runtime.Loader.AssemblyLoadContext.ResolveUsingEvent(AssemblyName assemblyName)
   at System.Runtime.Loader.AssemblyLoadContext.ResolveUsingResolvingEvent(IntPtr gchManagedAssemblyLoadContext, AssemblyName assemblyName)
TpTrace Warning: 0 : 16188, 1, 2021/12/16, 15:34:59.097, 29369621910, vstest.console.dll, LoaderExceptions: System.IO.FileNotFoundException: Could not load file or assembly 'Microsoft.Bcl.AsyncInterfaces, Version=1.0.0.0, Culture=neutral, PublicKeyToken=cc7b13ffcd2ddd51'. The system cannot find the file specified.
File name: 'Microsoft.Bcl.AsyncInterfaces, Version=1.0.0.0, Culture=neutral, PublicKeyToken=cc7b13ffcd2ddd51'
 ---> System.IO.FileNotFoundException: Could not load file or assembly 'Microsoft.Bcl.AsyncInterfaces, Culture=neutral, PublicKeyToken=null'. The system cannot find the file specified.
File name: 'Microsoft.Bcl.AsyncInterfaces, Culture=neutral, PublicKeyToken=null'
   at System.Reflection.RuntimeAssembly.InternalLoad(ObjectHandleOnStack assemblyName, ObjectHandleOnStack requestingAssembly, StackCrawlMarkHandle stackMark, Boolean throwOnFileNotFound, ObjectHandleOnStack assemblyLoadContext, ObjectHandleOnStack retAssembly)
   at System.Reflection.RuntimeAssembly.InternalLoad(AssemblyName assemblyName, RuntimeAssembly requestingAssembly, StackCrawlMark& stackMark, Boolean throwOnFileNotFound, AssemblyLoadContext assemblyLoadContext)
   at System.Reflection.Assembly.Load(AssemblyName assemblyRef)
   at Microsoft.VisualStudio.TestPlatform.Common.ExtensionFramework.TestPluginCache.CurrentDomainAssemblyResolve(Object sender, AssemblyResolveEventArgs args)
   at Microsoft.VisualStudio.TestPlatform.PlatformAbstractions.PlatformAssemblyResolver.AssemblyResolverEvent(Object sender, Object eventArgs)
   at System.Runtime.Loader.AssemblyLoadContext.GetFirstResolvedAssemblyFromResolvingEvent(AssemblyName assemblyName)
   at System.Runtime.Loader.AssemblyLoadContext.ResolveUsingEvent(AssemblyName assemblyName)
   at System.Runtime.Loader.AssemblyLoadContext.ResolveUsingResolvingEvent(IntPtr gchManagedAssemblyLoadContext, AssemblyName assemblyName)
TpTrace Verbose: 0 : 16188, 1, 2021/12/16, 15:34:59.097, 29369629992, vstest.console.dll, TestPluginCache: Discovered the extensions using extension path ''.
TpTrace Verbose: 0 : 16188, 1, 2021/12/16, 15:34:59.098, 29369631605, vstest.console.dll, TestPluginCache: Discoverers are ''.
TpTrace Verbose: 0 : 16188, 1, 2021/12/16, 15:34:59.098, 29369632576, vstest.console.dll, TestPluginCache: Executors are ''.
TpTrace Verbose: 0 : 16188, 1, 2021/12/16, 15:34:59.098, 29369633180, vstest.console.dll, TestPluginCache: Executors2 are ''.
TpTrace Verbose: 0 : 16188, 1, 2021/12/16, 15:34:59.098, 29369633876, vstest.console.dll, TestPluginCache: Setting providers are ''.
TpTrace Verbose: 0 : 16188, 1, 2021/12/16, 15:34:59.098, 29369635107, vstest.console.dll, TestPluginCache: Loggers are 'logger://Microsoft/TestPlatform/Extensions/Blame/v1,logger://Microsoft/TestPlatform/HtmlLogger/v1,logger://Microsoft/TestPlatform/TrxLogger/v1'.
TpTrace Information: 0 : 16188, 1, 2021/12/16, 15:34:59.100, 29369654610, vstest.console.dll, TestPluginManager.CreateTestExtension: Attempting to load test extension: Microsoft.TestPlatform.Extensions.BlameDataCollector.BlameLogger
TpTrace Information: 0 : 16188, 1, 2021/12/16, 15:34:59.115, 29369801715, vstest.console.dll, TestPluginManager.CreateTestExtension: Attempting to load test extension: Microsoft.VisualStudio.TestPlatform.CrossPlatEngine.Hosting.DefaultTestHostManager
TpTrace Information: 0 : 16188, 1, 2021/12/16, 15:34:59.115, 29369806914, vstest.console.dll, TestPluginManager.CreateTestExtension: Attempting to load test extension: Microsoft.VisualStudio.TestPlatform.CrossPlatEngine.Hosting.DotnetTestHostManager
TpTrace Verbose: 0 : 16188, 1, 2021/12/16, 15:34:59.116, 29369820029, vstest.console.dll, TestEngine: Initializing Parallel Execution as MaxCpuCount is set to: 1
TpTrace Information: 0 : 16188, 1, 2021/12/16, 15:34:59.118, 29369833172, vstest.console.dll, InferRunSettingsHelper.IsTestSettingsEnabled: Unable to navigate to RunSettings/MSTest. Current node: RunSettings
TpTrace Verbose: 0 : 16188, 1, 2021/12/16, 15:34:59.157, 29370229723, vstest.console.dll, TestRequestSender is acting as server
TpTrace Verbose: 0 : 16188, 5, 2021/12/16, 15:34:59.163, 29370289537, vstest.console.dll, DataCollectionRequestSender.InitializeCommunication : Initialize communication. 
TpTrace Information: 0 : 16188, 5, 2021/12/16, 15:34:59.173, 29370386175, vstest.console.dll, Listening on Endpoint : 127.0.0.1:54698
TpTrace Verbose: 0 : 16188, 5, 2021/12/16, 15:34:59.192, 29370571174, vstest.console.dll, DotnetDataCollectionLauncher: Full path of dotnet.exe is C:\Program Files\dotnet\dotnet.exe
TpTrace Verbose: 0 : 16188, 5, 2021/12/16, 15:34:59.192, 29370573783, vstest.console.dll, DotnetDataCollectionLauncher: Adding  --runtimeconfig "C:\Program Files\dotnet\sdk\6.0.100\datacollector.runtimeconfig.json" in args
TpTrace Verbose: 0 : 16188, 5, 2021/12/16, 15:34:59.192, 29370579576, vstest.console.dll, DotnetDataCollectionLauncher: Adding  --depsfile "C:\Program Files\dotnet\sdk\6.0.100\datacollector.deps.json" in args
TpTrace Information: 0 : 16188, 5, 2021/12/16, 15:34:59.203, 29370686538, vstest.console.dll, ProxyDataCollectionManager.Initialize: Launched datacollector processId: 20812 port: 54698
TpTrace Information: 0 : 16188, 5, 2021/12/16, 15:34:59.203, 29370688219, vstest.console.dll, ProxyDataCollectionManager.Initialize: waiting for connection with timeout: 90 seconds
TpTrace Verbose: 0 : 16188, 5, 2021/12/16, 15:34:59.203, 29370688977, vstest.console.dll, DataCollectionRequestSender.WaitForRequestHandlerConnection : Waiting for connection with timeout: 90000
TpTrace Information: 0 : 16188, 8, 2021/12/16, 15:34:59.414, 29372796713, vstest.console.dll, Using the buffer size of 16384 bytes
TpTrace Information: 0 : 16188, 8, 2021/12/16, 15:34:59.414, 29372798643, vstest.console.dll, Accepted Client request and set the flag
TpTrace Verbose: 0 : 16188, 5, 2021/12/16, 15:34:59.414, 29372798593, vstest.console.dll, ProxyDataCollectionManager.InvokeDataCollectionServiceAction: Starting.
TpTrace Information: 0 : 16188, 5, 2021/12/16, 15:34:59.415, 29372800914, vstest.console.dll, ProxyDataCollectionManager.BeforeTestRunStart: Get environment variable and port for datacollector processId: 20812 port: 54698
TpTrace Verbose: 0 : 16188, 5, 2021/12/16, 15:34:59.415, 29372803134, vstest.console.dll, DataCollectionRequestSender.SendBeforeTestRunStartAndGetResult : Send BeforeTestRunStart message with settingsXml <RunSettings><RunConfiguration><ResultsDirectory>C:\Users\auto1\go\src\github.com\eejai42\sqlonair-dotnet-core\SQLonAir.Test\bin\Release\net5.0\fine-code-coverage\coverage-tool-output</ResultsDirectory><TargetPlatform>X64</TargetPlatform><TargetFrameworkVersion>.NETCoreApp,Version=v5.0</TargetFrameworkVersion><DesignMode>False</DesignMode><CollectSourceInformation>False</CollectSourceInformation><TestAdaptersPaths>C:\Program Files\dotnet\sdk\6.0.100\Extensions</TestAdaptersPaths></RunConfiguration><LoggerRunSettings><Loggers><Logger friendlyName="blame" enabled="True" /><Logger friendlyName="Console" uri="logger://microsoft/TestPlatform/ConsoleLogger/v1" assemblyQualifiedName="Microsoft.VisualStudio.TestPlatform.CommandLine.Internal.ConsoleLogger, vstest.console, Version=15.0.0.0, Culture=neutral, PublicKeyToken=b03f5f7f11d50a3a" codeBase="C:\Program Files\dotnet\sdk\6.0.100\vstest.console.dll" enabled="True" /></Loggers></LoggerRunSettings><DataCollectionRunSettings><DataCollectors><DataCollector friendlyName="blame" enabled="True"><Configuration><ResultsDirectory>C:\Users\auto1\go\src\github.com\eejai42\sqlonair-dotnet-core\SQLonAir.Test\bin\Release\net5.0\fine-code-coverage\coverage-tool-output</ResultsDirectory></Configuration></DataCollector></DataCollectors></DataCollectionRunSettings></RunSettings> and sources System.Linq.Enumerable+Concat2Iterator`1[System.String]: 
TpTrace Verbose: 0 : 16188, 5, 2021/12/16, 15:34:59.556, 29374212913, vstest.console.dll, DataCollectionRequestSender.SendBeforeTestRunStartAndGetResult : Received message: (DataCollection.SendMessage) -> {
  "FriendlyName": null,
  "Uri": null,
  "TestCaseId": "00000000-0000-0000-0000-000000000000",
  "Message": "Logging DataCollector Diagnostics in file: C:\\Users\\auto1\\go\\src\\github.com\\eejai42\\sqlonair-dotnet-core\\SQLonAir.Test\\bin\\Release\\net5.0\\fine-code-coverage\\coverage-tool-output\\diagnostics.datacollector.21-12-16_15-34-59_18726_5.log",
  "Level": 0
}
TpTrace Verbose: 0 : 16188, 5, 2021/12/16, 15:34:59.663, 29375287441, vstest.console.dll, DataCollectionRequestSender.SendBeforeTestRunStartAndGetResult : Received message: (DataCollection.BeforeTestRunStartResult) -> {
  "EnvironmentVariables": {},
  "DataCollectionEventsPort": 54700
}
TpTrace Information: 0 : 16188, 5, 2021/12/16, 15:34:59.671, 29375362116, vstest.console.dll, ProxyDataCollectionManager.BeforeTestRunStart: SendBeforeTestRunStartAndGetResult successful, env variable from datacollector:   and testhost port: 54700
TpTrace Information: 0 : 16188, 5, 2021/12/16, 15:34:59.671, 29375363832, vstest.console.dll, ProxyDataCollectionManager.InvokeDataCollectionServiceAction: Completed.
TpTrace Verbose: 0 : 16188, 1, 2021/12/16, 15:34:59.671, 29375365478, vstest.console.dll, TestRunRequest.ExecuteAsync: Creating test run request.
TpTrace Verbose: 0 : 16188, 1, 2021/12/16, 15:34:59.671, 29375368371, vstest.console.dll, TestRunRequest.ExecuteAsync: Starting.
TpTrace Information: 0 : 16188, 1, 2021/12/16, 15:34:59.672, 29375377961, vstest.console.dll, TestRunRequest.ExecuteAsync: Starting run with settings:TestRunCriteria:
   KeepAlive=False,FrequencyOfRunStatsChangeEvent=10,RunStatsChangeEventTimeout=00:00:01.5000000,TestCaseFilter=,TestExecutorLauncher=
   Settingsxml=<RunSettings>
  <RunConfiguration>
    <ResultsDirectory>C:\Users\auto1\go\src\github.com\eejai42\sqlonair-dotnet-core\SQLonAir.Test\bin\Release\net5.0\fine-code-coverage\coverage-tool-output</ResultsDirectory>
    <TargetPlatform>X64</TargetPlatform>
    <TargetFrameworkVersion>.NETCoreApp,Version=v5.0</TargetFrameworkVersion>
    <DesignMode>False</DesignMode>
    <CollectSourceInformation>False</CollectSourceInformation>
  </RunConfiguration>
  <LoggerRunSettings>
    <Loggers>
      <Logger friendlyName="blame" enabled="True" />
      <Logger friendlyName="Console" uri="logger://microsoft/TestPlatform/ConsoleLogger/v1" assemblyQualifiedName="Microsoft.VisualStudio.TestPlatform.CommandLine.Internal.ConsoleLogger, vstest.console, Version=15.0.0.0, Culture=neutral, PublicKeyToken=b03f5f7f11d50a3a" codeBase="C:\Program Files\dotnet\sdk\6.0.100\vstest.console.dll" enabled="True" />
    </Loggers>
  </LoggerRunSettings>
  <DataCollectionRunSettings>
    <DataCollectors>
      <DataCollector friendlyName="blame" enabled="True">
        <Configuration>
          <ResultsDirectory>C:\Users\auto1\go\src\github.com\eejai42\sqlonair-dotnet-core\SQLonAir.Test\bin\Release\net5.0\fine-code-coverage\coverage-tool-output</ResultsDirectory>
        </Configuration>
      </DataCollector>
    </DataCollectors>
  </DataCollectionRunSettings>
</RunSettings>

TpTrace Verbose: 0 : 16188, 1, 2021/12/16, 15:34:59.672, 29375379861, vstest.console.dll, TestRunRequest.ExecuteAsync: Wait for the first run request is over.
TpTrace Verbose: 0 : 16188, 1, 2021/12/16, 15:34:59.673, 29375386802, vstest.console.dll, ParallelProxyExecutionManager: Start execution. Total sources: 1
TpTrace Information: 0 : 16188, 1, 2021/12/16, 15:34:59.674, 29375396537, vstest.console.dll, ProxyParallelExecutionManager: Triggering test run for next source: C:\Users\auto1\go\src\github.com\eejai42\sqlonair-dotnet-core\SQLonAir.Test\bin\Release\net5.0\fine-code-coverage\build-output\SQLonAir.Test.dll
TpTrace Verbose: 0 : 16188, 5, 2021/12/16, 15:34:59.674, 29375398625, vstest.console.dll, ParallelProxyExecutionManager: Execution started. Started clients: 1
TpTrace Verbose: 0 : 16188, 1, 2021/12/16, 15:34:59.674, 29375398663, vstest.console.dll, ProxyParallelExecutionManager: No sources available for execution.
TpTrace Information: 0 : 16188, 1, 2021/12/16, 15:34:59.674, 29375400159, vstest.console.dll, TestRunRequest.ExecuteAsync: Started.
TpTrace Verbose: 0 : 16188, 1, 2021/12/16, 15:34:59.675, 29375401093, vstest.console.dll, TestRunRequest.WaitForCompletion: Waiting with timeout -1.
TpTrace Verbose: 0 : 16188, 5, 2021/12/16, 15:34:59.675, 29375402278, vstest.console.dll, TestRunRequest:SendTestRunMessage: Starting.
TpTrace Information: 0 : 16188, 5, 2021/12/16, 15:34:59.675, 29375403470, vstest.console.dll, TestRunRequest:SendTestRunMessage: Completed.
TpTrace Verbose: 0 : 16188, 5, 2021/12/16, 15:34:59.675, 29375406755, vstest.console.dll, ProxyExecutionManager: Test host is always Lazy initialize.
TpTrace Verbose: 0 : 16188, 5, 2021/12/16, 15:34:59.675, 29375409901, vstest.console.dll, TestRequestSender.InitializeCommunication: initialize communication. 
TpTrace Information: 0 : 16188, 5, 2021/12/16, 15:34:59.676, 29375419752, vstest.console.dll, SocketServer.Start: Listening on endpoint : 127.0.0.1:54701
TpTrace Verbose: 0 : 16188, 5, 2021/12/16, 15:34:59.678, 29375431569, vstest.console.dll, DotnetTestHostmanager: Adding  --runtimeconfig "C:\Users\auto1\go\src\github.com\eejai42\sqlonair-dotnet-core\SQLonAir.Test\bin\Release\net5.0\fine-code-coverage\build-output\SQLonAir.Test.runtimeconfig.json" in args
TpTrace Verbose: 0 : 16188, 5, 2021/12/16, 15:34:59.678, 29375434158, vstest.console.dll, DotnetTestHostmanager: Adding  --depsfile "C:\Users\auto1\go\src\github.com\eejai42\sqlonair-dotnet-core\SQLonAir.Test\bin\Release\net5.0\fine-code-coverage\build-output\SQLonAir.Test.deps.json" in args
TpTrace Verbose: 0 : 16188, 5, 2021/12/16, 15:34:59.678, 29375437790, vstest.console.dll, DotnetTestHostManager: Testhost.exe/testhost.x86.exe found at path: C:\Users\auto1\go\src\github.com\eejai42\sqlonair-dotnet-core\SQLonAir.Test\bin\Release\net5.0\fine-code-coverage\build-output\testhost.exe
TpTrace Verbose: 0 : 16188, 5, 2021/12/16, 15:34:59.678, 29375438422, vstest.console.dll, DotnetTestHostmanager: Full path of host exe is C:\Users\auto1\go\src\github.com\eejai42\sqlonair-dotnet-core\SQLonAir.Test\bin\Release\net5.0\fine-code-coverage\build-output\testhost.exe
TpTrace Verbose: 0 : 16188, 7, 2021/12/16, 15:34:59.680, 29375453843, vstest.console.dll, DotnetTestHostManager: Starting process 'C:\Users\auto1\go\src\github.com\eejai42\sqlonair-dotnet-core\SQLonAir.Test\bin\Release\net5.0\fine-code-coverage\build-output\testhost.exe' with command line ' --runtimeconfig "C:\Users\auto1\go\src\github.com\eejai42\sqlonair-dotnet-core\SQLonAir.Test\bin\Release\net5.0\fine-code-coverage\build-output\SQLonAir.Test.runtimeconfig.json" --depsfile "C:\Users\auto1\go\src\github.com\eejai42\sqlonair-dotnet-core\SQLonAir.Test\bin\Release\net5.0\fine-code-coverage\build-output\SQLonAir.Test.deps.json" --port 54701 --endpoint 127.0.0.1:054701 --role client --parentprocessid 16188 --diag "C:\Users\auto1\go\src\github.com\eejai42\sqlonair-dotnet-core\SQLonAir.Test\bin\Release\net5.0\fine-code-coverage\coverage-tool-output\diagnostics.host.21-12-16_15-34-59_67733_5.log" --tracelevel 4 --datacollectionport 54700 --telemetryoptedin false'
TpTrace Verbose: 0 : 16188, 7, 2021/12/16, 15:34:59.690, 29375551993, vstest.console.dll, Test Runtime launched
TpTrace Verbose: 0 : 16188, 5, 2021/12/16, 15:34:59.691, 29375562201, vstest.console.dll, TestRequestSender.WaitForRequestHandlerConnection: waiting for connection with timeout: 90000
TpTrace Verbose: 0 : 16188, 7, 2021/12/16, 15:34:59.956, 29378215459, vstest.console.dll, SocketServer.OnClientConnected: Client connected for endPoint: 127.0.0.1:54701, starting MessageLoopAsync:
TpTrace Verbose: 0 : 16188, 14, 2021/12/16, 15:34:59.956, 29378218178, vstest.console.dll, TcpClientExtensions.MessageLoopAsync: Polling on remoteEndPoint: 127.0.0.1:54702 localEndPoint: 127.0.0.1:54701
TpTrace Verbose: 0 : 16188, 14, 2021/12/16, 15:35:00.135, 29380006943, vstest.console.dll, TcpClientExtensions.MessageLoopAsync: NotifyDataAvailable remoteEndPoint: 127.0.0.1:54702 localEndPoint: 127.0.0.1:54701
TpTrace Verbose: 0 : 16188, 14, 2021/12/16, 15:35:00.136, 29380011353, vstest.console.dll, TestRequestSender.CheckVersionWithTestHost: onMessageReceived received message: (ProtocolVersion) -> 5
TpTrace Verbose: 0 : 16188, 14, 2021/12/16, 15:35:00.136, 29380018347, vstest.console.dll, TcpClientExtensions.MessageLoopAsync: Polling on remoteEndPoint: 127.0.0.1:54702 localEndPoint: 127.0.0.1:54701
TpTrace Verbose: 0 : 16188, 5, 2021/12/16, 15:35:00.136, 29380019307, vstest.console.dll, TestPluginCache.GetExtensionPaths: Filtered extension paths: 
TpTrace Verbose: 0 : 16188, 5, 2021/12/16, 15:35:00.136, 29380020292, vstest.console.dll, TestPluginCache.GetExtensionPaths: Added default extension paths: C:\Program Files\dotnet\sdk\6.0.100\Extensions\Microsoft.Diagnostics.NETCore.Client.dll
C:\Program Files\dotnet\sdk\6.0.100\Extensions\Microsoft.TestPlatform.Extensions.BlameDataCollector.dll
C:\Program Files\dotnet\sdk\6.0.100\Extensions\Microsoft.TestPlatform.Extensions.EventLogCollector.dll
C:\Program Files\dotnet\sdk\6.0.100\Extensions\Microsoft.TestPlatform.TestHostRuntimeProvider.dll
C:\Program Files\dotnet\sdk\6.0.100\Extensions\Microsoft.VisualStudio.TestPlatform.Extensions.Html.TestLogger.dll
C:\Program Files\dotnet\sdk\6.0.100\Extensions\Microsoft.VisualStudio.TestPlatform.Extensions.Trx.TestLogger.dll
TpTrace Verbose: 0 : 16188, 5, 2021/12/16, 15:35:00.137, 29380021007, vstest.console.dll, TestPluginCache.GetExtensionPaths: Added unfilterableExtensionPaths: 
TpTrace Verbose: 0 : 16188, 5, 2021/12/16, 15:35:00.141, 29380069040, vstest.console.dll, TestRequestSender.InitializeExecution: Sending initializing execution with message: {"Version":5,"MessageType":"TestExecution.Initialize","Payload":["C:\\Users\\auto1\\go\\src\\github.com\\eejai42\\sqlonair-dotnet-core\\SQLonAir.Test\\bin\\Release\\net5.0\\fine-code-coverage\\build-output\\NUnit3.TestAdapter.dll"]}
TpTrace Verbose: 0 : 16188, 14, 2021/12/16, 15:35:00.151, 29380161889, vstest.console.dll, TcpClientExtensions.MessageLoopAsync: NotifyDataAvailable remoteEndPoint: 127.0.0.1:54702 localEndPoint: 127.0.0.1:54701
TpTrace Verbose: 0 : 16188, 14, 2021/12/16, 15:35:00.151, 29380164405, vstest.console.dll, TestRequestSender.OnExecutionMessageReceived: Received message: {"Version":5,"MessageType":"TestSession.Message","Payload":{"MessageLevel":0,"Message":"Logging TestHost Diagnostics in file: C:\\Users\\auto1\\go\\src\\github.com\\eejai42\\sqlonair-dotnet-core\\SQLonAir.Test\\bin\\Release\\net5.0\\fine-code-coverage\\coverage-tool-output\\diagnostics.host.21-12-16_15-34-59_67733_5.log"}}
TpTrace Verbose: 0 : 16188, 5, 2021/12/16, 15:35:00.168, 29380336005, vstest.console.dll, TestRequestSender.StartTestRun: Sending test run with message: {"Version":5,"MessageType":"TestExecution.StartWithSources","Payload":{"AdapterSourceMap":{"_none_":["C:\\Users\\auto1\\go\\src\\github.com\\eejai42\\sqlonair-dotnet-core\\SQLonAir.Test\\bin\\Release\\net5.0\\fine-code-coverage\\build-output\\SQLonAir.Test.dll"]},"RunSettings":"<RunSettings>\r\n  <RunConfiguration>\r\n    <ResultsDirectory>C:\\Users\\auto1\\go\\src\\github.com\\eejai42\\sqlonair-dotnet-core\\SQLonAir.Test\\bin\\Release\\net5.0\\fine-code-coverage\\coverage-tool-output</ResultsDirectory>\r\n    <TargetPlatform>X64</TargetPlatform>\r\n    <TargetFrameworkVersion>.NETCoreApp,Version=v5.0</TargetFrameworkVersion>\r\n    <DesignMode>False</DesignMode>\r\n    <CollectSourceInformation>False</CollectSourceInformation>\r\n  </RunConfiguration>\r\n  <LoggerRunSettings>\r\n    <Loggers>\r\n      <Logger friendlyName=\"blame\" enabled=\"True\" />\r\n      <Logger friendlyName=\"Console\" uri=\"logger://microsoft/TestPlatform/ConsoleLogger/v1\" assemblyQualifiedName=\"Microsoft.VisualStudio.TestPlatform.CommandLine.Internal.ConsoleLogger, vstest.console, Version=15.0.0.0, Culture=neutral, PublicKeyToken=b03f5f7f11d50a3a\" codeBase=\"C:\\Program Files\\dotnet\\sdk\\6.0.100\\vstest.console.dll\" enabled=\"True\" />\r\n    </Loggers>\r\n  </LoggerRunSettings>\r\n  <DataCollectionRunSettings>\r\n    <DataCollectors>\r\n      <DataCollector friendlyName=\"blame\" enabled=\"True\">\r\n        <Configuration>\r\n          <ResultsDirectory>C:\\Users\\auto1\\go\\src\\github.com\\eejai42\\sqlonair-dotnet-core\\SQLonAir.Test\\bin\\Release\\net5.0\\fine-code-coverage\\coverage-tool-output</ResultsDirectory>\r\n        </Configuration>\r\n      </DataCollector>\r\n    </DataCollectors>\r\n  </DataCollectionRunSettings>\r\n</RunSettings>","TestExecutionContext":{"FrequencyOfRunStatsChangeEvent":10,"RunStatsChangeEventTimeout":"00:00:01.5000000","InIsolation":false,"KeepAlive":false,"AreTestCaseLevelEventsRequired":false,"IsDebug":false,"TestCaseFilter":null,"FilterOptions":null},"Package":null}}
TpTrace Verbose: 0 : 16188, 14, 2021/12/16, 15:35:00.169, 29380344776, vstest.console.dll, TestRunRequest:SendTestRunMessage: Starting.
TpTrace Information: 0 : 16188, 14, 2021/12/16, 15:35:00.169, 29380346217, vstest.console.dll, TestRunRequest:SendTestRunMessage: Completed.
TpTrace Verbose: 0 : 16188, 14, 2021/12/16, 15:35:00.169, 29380346979, vstest.console.dll, TcpClientExtensions.MessageLoopAsync: Polling on remoteEndPoint: 127.0.0.1:54702 localEndPoint: 127.0.0.1:54701
TpTrace Verbose: 0 : 16188, 14, 2021/12/16, 15:35:00.369, 29382342574, vstest.console.dll, TcpClientExtensions.MessageLoopAsync: NotifyDataAvailable remoteEndPoint: 127.0.0.1:54702 localEndPoint: 127.0.0.1:54701
TpTrace Verbose: 0 : 16188, 14, 2021/12/16, 15:35:00.369, 29382343904, vstest.console.dll, TestRequestSender.OnExecutionMessageReceived: Received message: {"Version":5,"MessageType":"TestSession.Message","Payload":{"MessageLevel":0,"Message":"NUnit Adapter 3.17.0.0: Test execution started"}}
TpTrace Verbose: 0 : 16188, 14, 2021/12/16, 15:35:00.369, 29382346197, vstest.console.dll, TestRunRequest:SendTestRunMessage: Starting.
TpTrace Information: 0 : 16188, 14, 2021/12/16, 15:35:00.369, 29382346832, vstest.console.dll, TestRunRequest:SendTestRunMessage: Completed.
TpTrace Verbose: 0 : 16188, 14, 2021/12/16, 15:35:00.369, 29382347248, vstest.console.dll, TcpClientExtensions.MessageLoopAsync: Polling on remoteEndPoint: 127.0.0.1:54702 localEndPoint: 127.0.0.1:54701
TpTrace Verbose: 0 : 16188, 14, 2021/12/16, 15:35:00.404, 29382695816, vstest.console.dll, TcpClientExtensions.MessageLoopAsync: NotifyDataAvailable remoteEndPoint: 127.0.0.1:54702 localEndPoint: 127.0.0.1:54701
TpTrace Verbose: 0 : 16188, 14, 2021/12/16, 15:35:00.404, 29382697306, vstest.console.dll, TestRequestSender.OnExecutionMessageReceived: Received message: {"Version":5,"MessageType":"TestSession.Message","Payload":{"MessageLevel":0,"Message":"Running all tests in C:\\Users\\auto1\\go\\src\\github.com\\eejai42\\sqlonair-dotnet-core\\SQLonAir.Test\\bin\\Release\\net5.0\\fine-code-coverage\\build-output\\SQLonAir.Test.dll"}}
TpTrace Verbose: 0 : 16188, 14, 2021/12/16, 15:35:00.404, 29382700492, vstest.console.dll, TestRunRequest:SendTestRunMessage: Starting.
TpTrace Information: 0 : 16188, 14, 2021/12/16, 15:35:00.405, 29382701578, vstest.console.dll, TestRunRequest:SendTestRunMessage: Completed.
TpTrace Verbose: 0 : 16188, 14, 2021/12/16, 15:35:00.405, 29382702240, vstest.console.dll, TcpClientExtensions.MessageLoopAsync: Polling on remoteEndPoint: 127.0.0.1:54702 localEndPoint: 127.0.0.1:54701
TpTrace Verbose: 0 : 16188, 14, 2021/12/16, 15:35:00.635, 29385001696, vstest.console.dll, TcpClientExtensions.MessageLoopAsync: NotifyDataAvailable remoteEndPoint: 127.0.0.1:54702 localEndPoint: 127.0.0.1:54701
TpTrace Verbose: 0 : 16188, 14, 2021/12/16, 15:35:00.635, 29385002969, vstest.console.dll, TestRequestSender.OnExecutionMessageReceived: Received message: {"Version":5,"MessageType":"TestSession.Message","Payload":{"MessageLevel":0,"Message":"   NUnit3TestExecutor discovered 1 of 1 NUnit test cases"}}
TpTrace Verbose: 0 : 16188, 14, 2021/12/16, 15:35:00.635, 29385004637, vstest.console.dll, TestRunRequest:SendTestRunMessage: Starting.
TpTrace Information: 0 : 16188, 14, 2021/12/16, 15:35:00.635, 29385005249, vstest.console.dll, TestRunRequest:SendTestRunMessage: Completed.
TpTrace Verbose: 0 : 16188, 14, 2021/12/16, 15:35:00.635, 29385005637, vstest.console.dll, TcpClientExtensions.MessageLoopAsync: Polling on remoteEndPoint: 127.0.0.1:54702 localEndPoint: 127.0.0.1:54701
TpTrace Verbose: 0 : 16188, 14, 2021/12/16, 15:35:00.749, 29386148096, vstest.console.dll, TcpClientExtensions.MessageLoopAsync: NotifyDataAvailable remoteEndPoint: 127.0.0.1:54702 localEndPoint: 127.0.0.1:54701
TpTrace Verbose: 0 : 16188, 14, 2021/12/16, 15:35:00.749, 29386150078, vstest.console.dll, TestRequestSender.OnExecutionMessageReceived: Received message: {"Version":5,"MessageType":"TestSession.Message","Payload":{"MessageLevel":0,"Message":"NUnit Adapter 3.17.0.0: Test execution complete"}}
TpTrace Verbose: 0 : 16188, 14, 2021/12/16, 15:35:00.750, 29386152182, vstest.console.dll, TestRunRequest:SendTestRunMessage: Starting.
TpTrace Information: 0 : 16188, 14, 2021/12/16, 15:35:00.750, 29386152804, vstest.console.dll, TestRunRequest:SendTestRunMessage: Completed.
TpTrace Verbose: 0 : 16188, 14, 2021/12/16, 15:35:00.750, 29386153198, vstest.console.dll, TcpClientExtensions.MessageLoopAsync: Polling on remoteEndPoint: 127.0.0.1:54702 localEndPoint: 127.0.0.1:54701
TpTrace Verbose: 0 : 16188, 14, 2021/12/16, 15:35:00.796, 29386614993, vstest.console.dll, TcpClientExtensions.MessageLoopAsync: NotifyDataAvailable remoteEndPoint: 127.0.0.1:54702 localEndPoint: 127.0.0.1:54701
TpTrace Verbose: 0 : 16188, 14, 2021/12/16, 15:35:00.796, 29386616654, vstest.console.dll, TestRequestSender.OnExecutionMessageReceived: Received message: {"Version":5,"MessageType":"TestExecution.Completed","Payload":{"TestRunCompleteArgs":{"TestRunStatistics":{"ExecutedTests":1,"Stats":{"Passed":1}},"IsCanceled":false,"IsAborted":false,"Error":null,"AttachmentSets":[],"ElapsedTimeInRunningTests":"00:00:00.4089662","Metrics":{}},"LastRunTests":{"NewTestResults":[{"TestCase":{"Id":"f8f349d5-ffa5-f2af-8bbd-cb7743480d59","FullyQualifiedName":"SQLonAir.Test.Tests.Test1","DisplayName":"Test1","ExecutorUri":"executor://NUnit3TestExecutor","Source":"C:\\Users\\auto1\\go\\src\\github.com\\eejai42\\sqlonair-dotnet-core\\SQLonAir.Test\\bin\\Release\\net5.0\\fine-code-coverage\\build-output\\SQLonAir.Test.dll","CodeFilePath":null,"LineNumber":0,"Properties":[]},"Attachments":[],"Outcome":1,"ErrorMessage":null,"ErrorStackTrace":null,"DisplayName":"Test1","Messages":[],"ComputerName":"AAL-LAPTOP5","Duration":"00:00:00.0337960","StartTime":"2021-12-16T21:35:00.6698875+00:00","EndTime":"2021-12-16T21:35:00.7035763+00:00","Properties":[]}],"TestRunStatistics":{"ExecutedTests":1,"Stats":{"Passed":1}},"ActiveTests":[]},"RunAttachments":[],"ExecutorUris":["executor://nunit3testexecutor/"]}}
TpTrace Verbose: 0 : 16188, 14, 2021/12/16, 15:35:00.797, 29386623827, vstest.console.dll, TestRequestSender.EndSession: Sending end session.
TpTrace Verbose: 0 : 16188, 14, 2021/12/16, 15:35:00.797, 29386625492, vstest.console.dll, ProxyOperationManager.Close: waiting for test host to exit for 100 ms
TpTrace Warning: 0 : 16188, 13, 2021/12/16, 15:35:00.823, 29386880949, vstest.console.dll, TestHostManagerCallbacks.ErrorReceivedCallback Test host standard error line: 
TpTrace Verbose: 0 : 16188, 8, 2021/12/16, 15:35:00.829, 29386948767, vstest.console.dll, TestHostProvider.ExitCallBack: Host exited starting callback.
TpTrace Information: 0 : 16188, 8, 2021/12/16, 15:35:00.830, 29386954264, vstest.console.dll, TestHostManagerCallbacks.ExitCallBack: Testhost processId: 20648 exited with exitcode: 0 error: ''
TpTrace Verbose: 0 : 16188, 8, 2021/12/16, 15:35:00.830, 29386954860, vstest.console.dll, DotnetTestHostManager.OnHostExited: invoking OnHostExited callback
TpTrace Verbose: 0 : 16188, 8, 2021/12/16, 15:35:00.830, 29386955423, vstest.console.dll, CrossPlatEngine.TestHostManagerHostExited: calling on client process exit callback.
TpTrace Information: 0 : 16188, 8, 2021/12/16, 15:35:00.830, 29386956000, vstest.console.dll, TestRequestSender.OnClientProcessExit: Test host process exited. Standard error: 
TpTrace Warning: 0 : 16188, 14, 2021/12/16, 15:35:00.830, 29386956310, vstest.console.dll, ProxyOperationManager: Timed out waiting for test host to exit. Will terminate process.
TpTrace Information: 0 : 16188, 8, 2021/12/16, 15:35:00.830, 29386956481, vstest.console.dll, SocketServer.Stop: Stop server endPoint: 127.0.0.1:54701
TpTrace Information: 0 : 16188, 8, 2021/12/16, 15:35:00.830, 29386958164, vstest.console.dll, SocketServer.Stop: Cancellation requested. Stopping message loop.
TpTrace Verbose: 0 : 16188, 14, 2021/12/16, 15:35:00.832, 29386972459, vstest.console.dll, ProxyDataCollectionManager.InvokeDataCollectionServiceAction: Starting.
TpTrace Information: 0 : 16188, 14, 2021/12/16, 15:35:00.832, 29386973530, vstest.console.dll, ProxyDataCollectionManager.AfterTestRunEnd: Get attachment set for datacollector processId: 20812 port: 54698
TpTrace Verbose: 0 : 16188, 14, 2021/12/16, 15:35:00.832, 29386974196, vstest.console.dll, DataCollectionRequestSender.SendAfterTestRunStartAndGetResult : Send AfterTestRunEnd message with isCancelled: False
TpTrace Verbose: 0 : 16188, 14, 2021/12/16, 15:35:00.836, 29387014520, vstest.console.dll, DataCollectionRequestSender.SendAfterTestRunStartAndGetResult : Received message: (DataCollection.AfterTestRunEndResult) -> {
  "AttachmentSets": [],
  "Metrics": {}
}
TpTrace Information: 0 : 16188, 14, 2021/12/16, 15:35:00.839, 29387047526, vstest.console.dll, ProxyDataCollectionManager.InvokeDataCollectionServiceAction: Completed.
TpTrace Warning: 0 : 16188, 10, 2021/12/16, 15:35:00.842, 29387076077, vstest.console.dll, DataCollectionLauncher.ErrorReceivedCallback datacollector standard error line: 
TpTrace Information: 0 : 16188, 8, 2021/12/16, 15:35:00.847, 29387128672, vstest.console.dll, DataCollectionLauncher.ExitCallBack: Data collector exited with exitcode: 0 error: ''
TpTrace Verbose: 0 : 16188, 14, 2021/12/16, 15:35:00.892, 29387577708, vstest.console.dll, TestRunRequest:SendTestRunStatsChange: Starting.
TpTrace Information: 0 : 16188, 14, 2021/12/16, 15:35:00.892, 29387579796, vstest.console.dll, TestRunRequest:SendTestRunStatsChange: Completed.
TpTrace Verbose: 0 : 16188, 14, 2021/12/16, 15:35:00.893, 29387581368, vstest.console.dll, ParallelProxyExecutionManager: HandlePartialRunComplete: Total completed clients = 1, Run complete = True, Run canceled: False.
TpTrace Verbose: 0 : 16188, 14, 2021/12/16, 15:35:00.912, 29387774540, vstest.console.dll, TestRunRequest:TestRunComplete: Starting. IsAborted:False IsCanceled:False.
TpTrace Verbose: 0 : 16188, 14, 2021/12/16, 15:35:00.912, 29387778622, vstest.console.dll, TestLoggerManager.HandleTestRunComplete: Ignoring as the object is disposed.
TpTrace Information: 0 : 16188, 14, 2021/12/16, 15:35:00.913, 29387782028, vstest.console.dll, TestRunRequest:TestRunComplete: Completed.
TpTrace Verbose: 0 : 16188, 1, 2021/12/16, 15:35:00.913, 29387782493, vstest.console.dll, TestRunRequest.Dispose: Starting.
TpTrace Information: 0 : 16188, 1, 2021/12/16, 15:35:00.913, 29387783646, vstest.console.dll, TestRunRequest.Dispose: Completed.
TpTrace Verbose: 0 : 16188, 14, 2021/12/16, 15:35:00.913, 29387782961, vstest.console.dll, TestRequestSender.SetOperationComplete: Setting operation complete.
TpTrace Information: 0 : 16188, 14, 2021/12/16, 15:35:00.913, 29387784924, vstest.console.dll, SocketServer.Stop: Stop server endPoint: 127.0.0.1:54701
TpTrace Information: 0 : 16188, 14, 2021/12/16, 15:35:00.913, 29387785354, vstest.console.dll, SocketServer.Stop: Cancellation requested. Stopping message loop.
TpTrace Information: 0 : 16188, 1, 2021/12/16, 15:35:00.913, 29387784213, vstest.console.dll, TestRequestManager.RunTests: run tests completed.
TpTrace Information: 0 : 16188, 14, 2021/12/16, 15:35:00.913, 29387785954, vstest.console.dll, SocketServer.PrivateStop: Stopping server endPoint: 127.0.0.1:54701 error: 
TpTrace Information: 0 : 16188, 1, 2021/12/16, 15:35:00.913, 29387786905, vstest.console.dll, RunTestsArgumentProcessor:Execute: Test run is completed.
TpTrace Verbose: 0 : 16188, 1, 2021/12/16, 15:35:00.913, 29387788852, vstest.console.dll, Executor.Execute: Exiting with exit code of 0
TpTrace Verbose: 0 : 16188, 14, 2021/12/16, 15:35:00.914, 29387790937, vstest.console.dll, LengthPrefixCommunicationChannel.Dispose: Dispose reader and writer.
TpTrace Information: 0 : 16188, 14, 2021/12/16, 15:35:00.914, 29387791786, vstest.console.dll, SocketServer.Stop: Raise disconnected event endPoint: 127.0.0.1:54701 error: 
TpTrace Verbose: 0 : 16188, 14, 2021/12/16, 15:35:00.914, 29387792412, vstest.console.dll, TestRequestSender: OnTestRunAbort: Operation is already complete. Skip error message.
TpTrace Verbose: 0 : 16188, 14, 2021/12/16, 15:35:00.914, 29387792789, vstest.console.dll, TcpClientExtensions.MessageLoopAsync: exiting MessageLoopAsync remoteEndPoint: 127.0.0.1:54702 localEndPoint: 127.0.0.1:54701
